num  calls                time                       self            name
-----------------------------------------------------------------------------------
 1)   18          11.37     0.63   71.10%     11.37     0.63   71.10%  compdef
 2)    3           3.29     1.10   20.54%      2.63     0.88   16.46%  _cache_eval
 3)    1           0.75     0.75    4.72%      0.69     0.69    4.34%  (anon) [/Users/dmirtillo/.p10k.zsh:22]
 4)    1           0.29     0.29    1.81%      0.25     0.25    1.58%  antidote-setup
 5)    5           0.23     0.05    1.44%      0.23     0.05    1.44%  is-at-least
 6)    1           0.23     0.23    1.42%      0.23     0.23    1.42%  colors
 7)    2           0.14     0.07    0.87%      0.13     0.07    0.83%  (anon) [/Users/dmirtillo/Library/Caches/antidote/github.com/romkatv/powerlevel10k/powerlevel10k.zsh-theme:56]
 8)    3           0.13     0.04    0.79%      0.13     0.04    0.79%  add-zsh-hook
 9)    3           1.83     0.61   11.46%      0.11     0.04    0.71%  complete
10)    5           0.11     0.02    0.71%      0.11     0.02    0.71%  zsh-defer
11)    1           0.06     0.06    0.38%      0.06     0.06    0.38%  p10k
12)    1           0.01     0.01    0.09%      0.01     0.01    0.09%  bashcompinit
13)    1           0.01     0.01    0.06%      0.01     0.01    0.06%  load-tfswitch
14)    1           0.01     0.01    0.05%      0.01     0.01    0.05%  (anon) [/Users/dmirtillo/Library/Caches/antidote/github.com/getantidote/use-omz/use-omz.zsh:40]
15)    2           0.01     0.00    0.04%      0.01     0.00    0.04%  _p9k_setup

-----------------------------------------------------------------------------------

       3/18        1.72     0.57   10.75%      1.72     0.57             complete [9]
       1/18        0.65     0.65    4.08%      0.65     0.65             _cache_eval [2]
 1)   18          11.37     0.63   71.10%     11.37     0.63   71.10%  compdef

-----------------------------------------------------------------------------------

 2)    3           3.29     1.10   20.54%      2.63     0.88   16.46%  _cache_eval
       1/18        0.65     0.65    4.08%      0.65     0.65             compdef [1]

-----------------------------------------------------------------------------------

 9)    3           1.83     0.61   11.46%      0.11     0.04    0.71%  complete
       3/18        1.72     0.57   10.75%      1.72     0.57             compdef [1]

-----------------------------------------------------------------------------------

 3)    1           0.75     0.75    4.72%      0.69     0.69    4.34%  (anon) [/Users/dmirtillo/.p10k.zsh:22]
       1/1         0.06     0.06    0.38%      0.06     0.06             p10k [11]

-----------------------------------------------------------------------------------

 4)    1           0.29     0.29    1.81%      0.25     0.25    1.58%  antidote-setup
       1/5         0.04     0.04    0.24%      0.04     0.04             is-at-least [5]

-----------------------------------------------------------------------------------

       1/5         0.04     0.04    0.24%      0.04     0.04             antidote-setup [4]
 5)    5           0.23     0.05    1.44%      0.23     0.05    1.44%  is-at-least

-----------------------------------------------------------------------------------

 6)    1           0.23     0.23    1.42%      0.23     0.23    1.42%  colors

-----------------------------------------------------------------------------------

 7)    2           0.14     0.07    0.87%      0.13     0.07    0.83%  (anon) [/Users/dmirtillo/Library/Caches/antidote/github.com/romkatv/powerlevel10k/powerlevel10k.zsh-theme:56]
       2/2         0.01     0.00    0.04%      0.01     0.00             _p9k_setup [15]

-----------------------------------------------------------------------------------

 8)    3           0.13     0.04    0.79%      0.13     0.04    0.79%  add-zsh-hook

-----------------------------------------------------------------------------------

10)    5           0.11     0.02    0.71%      0.11     0.02    0.71%  zsh-defer

-----------------------------------------------------------------------------------

       1/1         0.06     0.06    0.38%      0.06     0.06             (anon) [/Users/dmirtillo/.p10k.zsh:22] [3]
11)    1           0.06     0.06    0.38%      0.06     0.06    0.38%  p10k

-----------------------------------------------------------------------------------

12)    1           0.01     0.01    0.09%      0.01     0.01    0.09%  bashcompinit

-----------------------------------------------------------------------------------

13)    1           0.01     0.01    0.06%      0.01     0.01    0.06%  load-tfswitch

-----------------------------------------------------------------------------------

14)    1           0.01     0.01    0.05%      0.01     0.01    0.05%  (anon) [/Users/dmirtillo/Library/Caches/antidote/github.com/getantidote/use-omz/use-omz.zsh:40]

-----------------------------------------------------------------------------------

       2/2         0.01     0.00    0.04%      0.01     0.00             (anon) [/Users/dmirtillo/Library/Caches/antidote/github.com/romkatv/powerlevel10k/powerlevel10k.zsh-theme:56] [7]
15)    2           0.01     0.00    0.04%      0.01     0.00    0.04%  _p9k_setup
